<?xml version="1.0" encoding="UTF-8"?>
<!-- Generated by org.testng.reporters.JUnitXMLReporter -->
<testsuite hostname="Chan.local" name="Freshservice Sanity " tests="2" failures="2" timestamp="27 Jun 2016 13:32:35 GMT" time="0.066" errors="0">
  <testcase name="@BeforeTest setUp" time="0.0" classname="uitests.smoke.chancreated">
    <failure type="org.testng.TestNGException" message="
Parameter &amp;apos;os&amp;apos; is required by @Configuration on method setUp but has not been marked @Optional or defined
in /Users/chan/Desktop/custom-testng-reporter-master 2/testng/TestNG_Smoke_Firefox.xml">
      <![CDATA[org.testng.TestNGException: 
Parameter 'os' is required by @Configuration on method setUp but has not been marked @Optional or defined
in /Users/chan/Desktop/custom-testng-reporter-master 2/testng/TestNG_Smoke_Firefox.xml
... Removed 19 stack frames]]>
    </failure>
  </testcase> <!-- @BeforeTest setUp -->
  <testcase name="@AfterTest tearDown" time="0.0" classname="uitests.smoke.chancreated">
    <failure type="java.lang.NullPointerException">
      <![CDATA[java.lang.NullPointerException
	at utils.BaseTest.tearDown(BaseTest.java:42)
... Removed 22 stack frames]]>
    </failure>
  </testcase> <!-- @AfterTest tearDown -->
  <testcase name="testMethod on [SampleTestClass passed=0 failed=0 skipped=0]" time="0.024" classname="uitests.smoke.SampleTestClass">
    <failure type="java.lang.NullPointerException">
      <![CDATA[java.lang.NullPointerException
	at com.google.common.base.Preconditions.checkNotNull(Preconditions.java:191)
	at org.openqa.selenium.support.ui.FluentWait.<init>(FluentWait.java:94)
	at org.openqa.selenium.support.ui.WebDriverWait.<init>(WebDriverWait.java:70)
	at org.openqa.selenium.support.ui.WebDriverWait.<init>(WebDriverWait.java:44)
	at uitests.smoke.SampleTestClass.testMethod(SampleTestClass.java:21)
	at java.util.concurrent.ThreadPoolExecutor.runWorker(ThreadPoolExecutor.java:1142)
	at java.util.concurrent.ThreadPoolExecutor$Worker.run(ThreadPoolExecutor.java:617)
	at java.lang.Thread.run(Thread.java:745)
... Removed 10 stack frames]]>
    </failure>
  </testcase> <!-- testMethod on [SampleTestClass passed=0 failed=0 skipped=0] -->
  <testcase name="testMethod1 on [chancreated passed=0 failed=0 skipped=0]" time="0.024" classname="uitests.smoke.chancreated">
    <failure type="java.lang.NullPointerException">
      <![CDATA[java.lang.NullPointerException
	at com.google.common.base.Preconditions.checkNotNull(Preconditions.java:191)
	at org.openqa.selenium.support.ui.FluentWait.<init>(FluentWait.java:94)
	at org.openqa.selenium.support.ui.WebDriverWait.<init>(WebDriverWait.java:70)
	at org.openqa.selenium.support.ui.WebDriverWait.<init>(WebDriverWait.java:44)
	at uitests.smoke.chancreated.testMethod1(chancreated.java:24)
	at java.util.concurrent.ThreadPoolExecutor.runWorker(ThreadPoolExecutor.java:1142)
	at java.util.concurrent.ThreadPoolExecutor$Worker.run(ThreadPoolExecutor.java:617)
	at java.lang.Thread.run(Thread.java:745)
... Removed 10 stack frames]]>
    </failure>
  </testcase> <!-- testMethod1 on [chancreated passed=0 failed=0 skipped=0] -->
</testsuite> <!-- Freshservice Sanity  -->
